Flutter crash report.
Please report a bug at https://github.com/flutter/flutter/issues.

## command

flutter run

## exception

RPCError: _flutter.renderFrameWithRasterStats: (-32000) Failed to render the last frame with raster stats. Rasterizer does not hold a valid last layer tree. This could happen if this method was invoked before a frame was rendered

```
#0      new _OutstandingRequest (package:vm_service/src/vm_service.dart:1822:45)
#1      VmService._call (package:vm_service/src/vm_service.dart:2366:21)
#2      VmService.callServiceExtension (package:vm_service/src/vm_service.dart:2337:14)
#3      VmService.callMethod (package:vm_service/src/vm_service.dart:2319:12)
#4      FlutterVmService.callMethodWrapper (package:flutter_tools/src/vmservice.dart:505:28)
#5      FlutterVmService.renderFrameWithRasterStats (package:flutter_tools/src/vmservice.dart:605:49)
#6      ResidentHandlers.debugFrameJankMetrics (package:flutter_tools/src/resident_runner.dart:718:35)
<asynchronous suspension>
#7      TerminalHandler.processTerminalInput (package:flutter_tools/src/resident_runner.dart:1821:7)
<asynchronous suspension>
```

## flutter doctor

```
[32m[✓][39m Flutter (Channel stable, 3.10.0, on Microsoft Windows [Version 10.0.22621.1702], locale en-US)
    [32m•[39m Flutter version 3.10.0 on channel stable at C:\Users\Dell\Downloads\flutter_windows_3.7.11-stable\flutter
    [32m•[39m Upstream repository https://github.com/flutter/flutter.git
    [32m•[39m Framework revision 84a1e904f4 (4 weeks ago), 2023-05-09 07:41:44 -0700
    [32m•[39m Engine revision d44b5a94c9
    [32m•[39m Dart version 3.0.0
    [32m•[39m DevTools version 2.23.1

[32m[✓][39m Windows Version (Installed version of Windows is version 10 or higher)

[32m[✓][39m Android toolchain - develop for Android devices (Android SDK version 33.0.2)
    [32m•[39m Android SDK at C:\Users\Dell\AppData\Local\Android\sdk
    [32m•[39m Platform android-33, build-tools 33.0.2
    [32m•[39m Java binary at: C:\Program Files\Android\Android Studio\jbr\bin\java
    [32m•[39m Java version OpenJDK Runtime Environment (build 17.0.6+0-b2043.56-9586694)
    [32m•[39m All Android licenses accepted.

[32m[✓][39m Chrome - develop for the web
    [32m•[39m Chrome at C:\Program Files\Google\Chrome\Application\chrome.exe

[33m[!][39m Visual Studio - develop for Windows (Visual Studio Community 2022 17.5.4)
    [32m•[39m Visual Studio at C:\Program Files\Microsoft Visual Studio\2022\Community
    [32m•[39m Visual Studio Community 2022 version 17.5.33530.505
    [31m✗[39m The current Visual Studio installation is incomplete. Please reinstall Visual Studio.

[32m[✓][39m Android Studio (version 2022.2)
    [32m•[39m Android Studio at C:\Program Files\Android\Android Studio
    [32m•[39m Flutter plugin can be installed from:
      🔨 https://plugins.jetbrains.com/plugin/9212-flutter
    [32m•[39m Dart plugin can be installed from:
      🔨 https://plugins.jetbrains.com/plugin/6351-dart
    [32m•[39m Java version OpenJDK Runtime Environment (build 17.0.6+0-b2043.56-9586694)

[32m[✓][39m VS Code (version 1.78.2)
    [32m•[39m VS Code at C:\Users\Dell\AppData\Local\Programs\Microsoft VS Code
    [32m•[39m Flutter extension version 3.66.0

[32m[✓][39m Connected device (4 available)
    [32m•[39m sdk gphone64 x86 64 (mobile) • emulator-5554 • android-x64    • Android 12 (API 31) (emulator)
    [32m•[39m Windows (desktop)            • windows       • windows-x64    • Microsoft Windows [Version 10.0.22621.1702]
    [32m•[39m Chrome (web)                 • chrome        • web-javascript • Google Chrome 114.0.5735.110
    [32m•[39m Edge (web)                   • edge          • web-javascript • Microsoft Edge 114.0.1823.37

[33m[!][39m Network resources
    [31m✗[39m A network error occurred while checking "https://pub.dev/": Failed host lookup: 'pub.dev'
    [31m✗[39m A network error occurred while checking "https://storage.googleapis.com/": Failed host lookup: 'storage.googleapis.com'
    [31m✗[39m A network error occurred while checking "https://maven.google.com/": Failed host lookup: 'maven.google.com'
    [31m✗[39m A network error occurred while checking "https://cocoapods.org/": Failed host lookup: 'cocoapods.org'
    [31m✗[39m A network error occurred while checking "https://github.com/": Failed host lookup: 'github.com'

[33m![39m Doctor found issues in 2 categories.
```
